0 info it worked if it ends with ok
1 verbose cli [ 'C:\\Program Files\\nodejs\\node.exe',
1 verbose cli   'C:\\Program Files\\nodejs\\node_modules\\npm\\bin\\npm-cli.js',
1 verbose cli   'run',
1 verbose cli   'test' ]
2 info using npm@3.10.8
3 info using node@v6.9.1
4 verbose run-script [ 'pretest', 'test', 'posttest' ]
5 info lifecycle recursionDebuggerApp@1.0.0~pretest: recursionDebuggerApp@1.0.0
6 silly lifecycle recursionDebuggerApp@1.0.0~pretest: no script for pretest, continuing
7 info lifecycle recursionDebuggerApp@1.0.0~test: recursionDebuggerApp@1.0.0
8 verbose lifecycle recursionDebuggerApp@1.0.0~test: unsafe-perm in lifecycle true
9 verbose lifecycle recursionDebuggerApp@1.0.0~test: PATH: C:\Program Files\nodejs\node_modules\npm\bin\node-gyp-bin;C:\Users\John\Desktop\debugApp\recursionDebuggerApp\node_modules\.bin;C:\Users\John\bin;C:\Program Files\Git\mingw64\bin;C:\Program Files\Git\usr\local\bin;C:\Program Files\Git\usr\bin;C:\Program Files\Git\usr\bin;C:\Program Files\Git\mingw64\bin;C:\Program Files\Git\usr\bin;C:\Users\John\bin;C:\ProgramData\Oracle\Java\javapath;C:\Program Files (x86)\NVIDIA Corporation\PhysX\Common;C:\Program Files (x86)\Intel\iCLS Client;C:\Program Files\Intel\iCLS Client;C:\WINDOWS\system32;C:\WINDOWS;C:\WINDOWS\System32\Wbem;C:\WINDOWS\System32\WindowsPowerShell\v1.0;C:\Program Files\Intel\Intel(R) Management Engine Components\DAL;C:\Program Files\Intel\Intel(R) Management Engine Components\IPT;C:\Program Files (x86)\Intel\Intel(R) Management Engine Components\DAL;C:\Program Files (x86)\Intel\Intel(R) Management Engine Components\IPT;C:\Program Files\Intel\WiFi\bin;C:\Program Files\Common Files\Intel\WirelessCommon;C:\Program Files (x86)\Calibre2;C:\Program Files\Git\cmd;C:\Program Files (x86)\Skype\Phone;C:\Program Files\nodejs;C:\Program Files\Amazon\AWSCLI;C:\Users\John\AppData\Local\Microsoft\WindowsApps;C:\Program Files (x86)\Sublime Text 3;C:\Users\John\AppData\Roaming\npm;C:\Program Files\Git\usr\bin\vendor_perl;C:\Program Files\Git\usr\bin\core_perl
10 verbose lifecycle recursionDebuggerApp@1.0.0~test: CWD: C:\Users\John\Desktop\debugApp\recursionDebuggerApp
11 silly lifecycle recursionDebuggerApp@1.0.0~test: Args: [ '/d /s /c',
11 silly lifecycle   'cross-env BABEL_DISABLE_CACHE=1 mocha --compilers js:babel-register tests' ]
12 silly lifecycle recursionDebuggerApp@1.0.0~test: Returned: code: 3  signal: null
13 info lifecycle recursionDebuggerApp@1.0.0~test: Failed to exec test script
14 verbose stack Error: recursionDebuggerApp@1.0.0 test: `cross-env BABEL_DISABLE_CACHE=1 mocha --compilers js:babel-register tests`
14 verbose stack Exit status 3
14 verbose stack     at EventEmitter.<anonymous> (C:\Program Files\nodejs\node_modules\npm\lib\utils\lifecycle.js:255:16)
14 verbose stack     at emitTwo (events.js:106:13)
14 verbose stack     at EventEmitter.emit (events.js:191:7)
14 verbose stack     at ChildProcess.<anonymous> (C:\Program Files\nodejs\node_modules\npm\lib\utils\spawn.js:40:14)
14 verbose stack     at emitTwo (events.js:106:13)
14 verbose stack     at ChildProcess.emit (events.js:191:7)
14 verbose stack     at maybeClose (internal/child_process.js:877:16)
14 verbose stack     at Process.ChildProcess._handle.onexit (internal/child_process.js:226:5)
15 verbose pkgid recursionDebuggerApp@1.0.0
16 verbose cwd C:\Users\John\Desktop\debugApp\recursionDebuggerApp
17 error Windows_NT 10.0.14393
18 error argv "C:\\Program Files\\nodejs\\node.exe" "C:\\Program Files\\nodejs\\node_modules\\npm\\bin\\npm-cli.js" "run" "test"
19 error node v6.9.1
20 error npm  v3.10.8
21 error code ELIFECYCLE
22 error recursionDebuggerApp@1.0.0 test: `cross-env BABEL_DISABLE_CACHE=1 mocha --compilers js:babel-register tests`
22 error Exit status 3
23 error Failed at the recursionDebuggerApp@1.0.0 test script 'cross-env BABEL_DISABLE_CACHE=1 mocha --compilers js:babel-register tests'.
23 error Make sure you have the latest version of node.js and npm installed.
23 error If you do, this is most likely a problem with the recursionDebuggerApp package,
23 error not with npm itself.
23 error Tell the author that this fails on your system:
23 error     cross-env BABEL_DISABLE_CACHE=1 mocha --compilers js:babel-register tests
23 error You can get information on how to open an issue for this project with:
23 error     npm bugs recursionDebuggerApp
23 error Or if that isn't available, you can get their info via:
23 error     npm owner ls recursionDebuggerApp
23 error There is likely additional logging output above.
24 verbose exit [ 1, true ]
